<?xml version="1.0" encoding="UTF-8"?>
<testsuite xmlns:xsi="http://www.w3.org/2001/XMLSchema-instance" xsi:noNamespaceSchemaLocation="https://maven.apache.org/surefire/maven-surefire-plugin/xsd/surefire-test-report-3.0.xsd" version="3.0" name="com.spring.AppTest" time="0.012" tests="1" errors="0" skipped="0" failures="0">
  <properties>
    <property name="java.specification.version" value="17"/>
    <property name="sun.jnu.encoding" value="UTF-8"/>
    <property name="java.class.path" value="/home/kamhassan/Desktop/Projects/ProNotion/server/my-springboot-project/target/test-classes:/home/kamhassan/Desktop/Projects/ProNotion/server/my-springboot-project/target/classes:/home/kamhassan/.m2/repository/junit/junit/3.8.1/junit-3.8.1.jar:"/>
    <property name="java.vm.vendor" value="Oracle Corporation"/>
    <property name="sun.arch.data.model" value="64"/>
    <property name="java.vendor.url" value="https://openjdk.java.net/"/>
    <property name="os.name" value="Linux"/>
    <property name="java.vm.specification.version" value="17"/>
    <property name="sun.java.launcher" value="SUN_STANDARD"/>
    <property name="user.country" value="US"/>
    <property name="sun.boot.library.path" value="/usr/lib64/jvm/java-17-openjdk-17/lib"/>
    <property name="sun.java.command" value="/home/kamhassan/Desktop/Projects/ProNotion/server/my-springboot-project/target/surefire/surefirebooter-20240727172019425_3.jar /home/kamhassan/Desktop/Projects/ProNotion/server/my-springboot-project/target/surefire 2024-07-27T17-20-18_988-jvmRun1 surefire-20240727172019425_1tmp surefire_0-20240727172019425_2tmp"/>
    <property name="jdk.debug" value="release"/>
    <property name="surefire.test.class.path" value="/home/kamhassan/Desktop/Projects/ProNotion/server/my-springboot-project/target/test-classes:/home/kamhassan/Desktop/Projects/ProNotion/server/my-springboot-project/target/classes:/home/kamhassan/.m2/repository/junit/junit/3.8.1/junit-3.8.1.jar:"/>
    <property name="sun.cpu.endian" value="little"/>
    <property name="user.home" value="/home/kamhassan"/>
    <property name="user.language" value="en"/>
    <property name="java.specification.vendor" value="Oracle Corporation"/>
    <property name="java.version.date" value="2024-07-16"/>
    <property name="java.home" value="/usr/lib64/jvm/java-17-openjdk-17"/>
    <property name="file.separator" value="/"/>
    <property name="basedir" value="/home/kamhassan/Desktop/Projects/ProNotion/server/my-springboot-project"/>
    <property name="java.vm.compressedOopsMode" value="Zero based"/>
    <property name="line.separator" value="&#10;"/>
    <property name="java.vm.specification.vendor" value="Oracle Corporation"/>
    <property name="java.specification.name" value="Java Platform API Specification"/>
    <property name="surefire.real.class.path" value="/home/kamhassan/Desktop/Projects/ProNotion/server/my-springboot-project/target/surefire/surefirebooter-20240727172019425_3.jar"/>
    <property name="sun.management.compiler" value="HotSpot 64-Bit Tiered Compilers"/>
    <property name="java.runtime.version" value="17.0.12+7-suse-1.1-x8664"/>
    <property name="user.name" value="kamhassan"/>
    <property name="path.separator" value=":"/>
    <property name="os.version" value="6.8.9-49-default"/>
    <property name="java.runtime.name" value="OpenJDK Runtime Environment"/>
    <property name="file.encoding" value="UTF-8"/>
    <property name="java.vm.name" value="OpenJDK 64-Bit Server VM"/>
    <property name="localRepository" value="/home/kamhassan/.m2/repository"/>
    <property name="java.vendor.url.bug" value="https://bugreport.java.com/bugreport/"/>
    <property name="java.io.tmpdir" value="/tmp"/>
    <property name="java.version" value="17.0.12"/>
    <property name="user.dir" value="/home/kamhassan/Desktop/Projects/ProNotion/server/my-springboot-project"/>
    <property name="os.arch" value="amd64"/>
    <property name="java.vm.specification.name" value="Java Virtual Machine Specification"/>
    <property name="native.encoding" value="UTF-8"/>
    <property name="java.library.path" value="/usr/java/packages/lib:/usr/lib64:/lib64:/lib:/usr/lib"/>
    <property name="java.vm.info" value="mixed mode, sharing"/>
    <property name="java.vendor" value="N/A"/>
    <property name="java.vm.version" value="17.0.12+7-suse-1.1-x8664"/>
    <property name="sun.io.unicode.encoding" value="UnicodeLittle"/>
    <property name="java.class.version" value="61.0"/>
  </properties>
  <testcase name="testApp" classname="com.spring.AppTest" time="0.002"/>
</testsuite>